# JRE version: Java(TM) SE Runtime Environment (8.0_202-b08) (build 1.8.0_202-b08)
# Java VM: Java HotSpot(TM) 64-Bit Server VM (25.202-b08 mixed mode windows-amd64 compressed oops)
Heap:
 PSYoungGen      total 37888K, used 34543K [0x00000000d6900000, 0x00000000d9300000, 0x0000000100000000)
  eden space 32768K, 91% used [0x00000000d6900000,0x00000000d8631e68,0x00000000d8900000)
  from space 5120K, 90% used [0x00000000d8900000,0x00000000d8d8a168,0x00000000d8e00000)
  to   space 5120K, 0% used [0x00000000d8e00000,0x00000000d8e00000,0x00000000d9300000)
 ParOldGen       total 49152K, used 23923K [0x0000000083a00000, 0x0000000086a00000, 0x00000000d6900000)
  object space 49152K, 48% used [0x0000000083a00000,0x000000008515cc68,0x0000000086a00000)
 Metaspace       used 26394K, capacity 27834K, committed 28032K, reserved 1073152K
  class space    used 3564K, capacity 3850K, committed 3968K, reserved 1048576K
GC Heap History (8 events):
Event: 0.651 GC heap before
{Heap before GC invocations=1 (full 0):
 PSYoungGen      total 37888K, used 32768K [0x00000000d6900000, 0x00000000d9300000, 0x0000000100000000)
  eden space 32768K, 100% used [0x00000000d6900000,0x00000000d8900000,0x00000000d8900000)
  from space 5120K, 0% used [0x00000000d8e00000,0x00000000d8e00000,0x00000000d9300000)
  to   space 5120K, 0% used [0x00000000d8900000,0x00000000d8900000,0x00000000d8e00000)
 ParOldGen       total 86016K, used 0K [0x0000000083a00000, 0x0000000088e00000, 0x00000000d6900000)
  object space 86016K, 0% used [0x0000000083a00000,0x0000000083a00000,0x0000000088e00000)
 Metaspace       used 13090K, capacity 13482K, committed 13824K, reserved 1060864K
  class space    used 1635K, capacity 1755K, committed 1792K, reserved 1048576K
Event: 0.654 GC heap after
Heap after GC invocations=1 (full 0):
 PSYoungGen      total 37888K, used 4096K [0x00000000d6900000, 0x00000000d9300000, 0x0000000100000000)
  eden space 32768K, 0% used [0x00000000d6900000,0x00000000d6900000,0x00000000d8900000)
  from space 5120K, 80% used [0x00000000d8900000,0x00000000d8d00040,0x00000000d8e00000)
  to   space 5120K, 0% used [0x00000000d8e00000,0x00000000d8e00000,0x00000000d9300000)
 ParOldGen       total 86016K, used 4321K [0x0000000083a00000, 0x0000000088e00000, 0x00000000d6900000)
  object space 86016K, 5% used [0x0000000083a00000,0x0000000083e38720,0x0000000088e00000)
 Metaspace       used 13090K, capacity 13482K, committed 13824K, reserved 1060864K
  class space    used 1635K, capacity 1755K, committed 1792K, reserved 1048576K
}
Event: 14.818 GC heap before
{Heap before GC invocations=2 (full 0):
 PSYoungGen      total 37888K, used 31610K [0x00000000d6900000, 0x00000000d9300000, 0x0000000100000000)
  eden space 32768K, 83% used [0x00000000d6900000,0x00000000d83de8f8,0x00000000d8900000)
  from space 5120K, 80% used [0x00000000d8900000,0x00000000d8d00040,0x00000000d8e00000)
  to   space 5120K, 0% used [0x00000000d8e00000,0x00000000d8e00000,0x00000000d9300000)
 ParOldGen       total 86016K, used 4321K [0x0000000083a00000, 0x0000000088e00000, 0x00000000d6900000)
  object space 86016K, 5% used [0x0000000083a00000,0x0000000083e38720,0x0000000088e00000)
 Metaspace       used 20441K, capacity 21168K, committed 21248K, reserved 1067008K
  class space    used 2830K, capacity 3045K, committed 3072K, reserved 1048576K
Event: 14.824 GC heap after
Heap after GC invocations=2 (full 0):
 PSYoungGen      total 37888K, used 5112K [0x00000000d6900000, 0x00000000d9300000, 0x0000000100000000)
  eden space 32768K, 0% used [0x00000000d6900000,0x00000000d6900000,0x00000000d8900000)
  from space 5120K, 99% used [0x00000000d8e00000,0x00000000d92fe060,0x00000000d9300000)
  to   space 5120K, 0% used [0x00000000d8900000,0x00000000d8900000,0x00000000d8e00000)
 ParOldGen       total 86016K, used 6537K [0x0000000083a00000, 0x0000000088e00000, 0x00000000d6900000)
  object space 86016K, 7% used [0x0000000083a00000,0x00000000840624e0,0x0000000088e00000)
 Metaspace       used 20441K, capacity 21168K, committed 21248K, reserved 1067008K
  class space    used 2830K, capacity 3045K, committed 3072K, reserved 1048576K
}
Event: 14.824 GC heap before
{Heap before GC invocations=3 (full 1):
 PSYoungGen      total 37888K, used 5112K [0x00000000d6900000, 0x00000000d9300000, 0x0000000100000000)
  eden space 32768K, 0% used [0x00000000d6900000,0x00000000d6900000,0x00000000d8900000)
  from space 5120K, 99% used [0x00000000d8e00000,0x00000000d92fe060,0x00000000d9300000)
  to   space 5120K, 0% used [0x00000000d8900000,0x00000000d8900000,0x00000000d8e00000)
 ParOldGen       total 86016K, used 6537K [0x0000000083a00000, 0x0000000088e00000, 0x00000000d6900000)
  object space 86016K, 7% used [0x0000000083a00000,0x00000000840624e0,0x0000000088e00000)
 Metaspace       used 20441K, capacity 21168K, committed 21248K, reserved 1067008K
  class space    used 2830K, capacity 3045K, committed 3072K, reserved 1048576K
Event: 14.852 GC heap after
Heap after GC invocations=3 (full 1):
 PSYoungGen      total 37888K, used 0K [0x00000000d6900000, 0x00000000d9300000, 0x0000000100000000)
  eden space 32768K, 0% used [0x00000000d6900000,0x00000000d6900000,0x00000000d8900000)
  from space 5120K, 0% used [0x00000000d8e00000,0x00000000d8e00000,0x00000000d9300000)
  to   space 5120K, 0% used [0x00000000d8900000,0x00000000d8900000,0x00000000d8e00000)
 ParOldGen       total 49152K, used 11227K [0x0000000083a00000, 0x0000000086a00000, 0x00000000d6900000)
  object space 49152K, 22% used [0x0000000083a00000,0x00000000844f6c58,0x0000000086a00000)
 Metaspace       used 20441K, capacity 21168K, committed 21248K, reserved 1067008K
  class space    used 2830K, capacity 3045K, committed 3072K, reserved 1048576K
}
Event: 15.407 GC heap before
{Heap before GC invocations=4 (full 1):
 PSYoungGen      total 37888K, used 32768K [0x00000000d6900000, 0x00000000d9300000, 0x0000000100000000)
  eden space 32768K, 100% used [0x00000000d6900000,0x00000000d8900000,0x00000000d8900000)
  from space 5120K, 0% used [0x00000000d8e00000,0x00000000d8e00000,0x00000000d9300000)
  to   space 5120K, 0% used [0x00000000d8900000,0x00000000d8900000,0x00000000d8e00000)
 ParOldGen       total 49152K, used 11227K [0x0000000083a00000, 0x0000000086a00000, 0x00000000d6900000)
  object space 49152K, 22% used [0x0000000083a00000,0x00000000844f6c58,0x0000000086a00000)
 Metaspace       used 23589K, capacity 24412K, committed 24704K, reserved 1071104K
  class space    used 3175K, capacity 3393K, committed 3456K, reserved 1048576K
Event: 15.413 GC heap after
Heap after GC invocations=4 (full 1):
 PSYoungGen      total 37888K, used 4648K [0x00000000d6900000, 0x00000000d9300000, 0x0000000100000000)
  eden space 32768K, 0% used [0x00000000d6900000,0x00000000d6900000,0x00000000d8900000)
  from space 5120K, 90% used [0x00000000d8900000,0x00000000d8d8a168,0x00000000d8e00000)
  to   space 5120K, 0% used [0x00000000d8e00000,0x00000000d8e00000,0x00000000d9300000)
 ParOldGen       total 49152K, used 23923K [0x0000000083a00000, 0x0000000086a00000, 0x00000000d6900000)
  object space 49152K, 48% used [0x0000000083a00000,0x000000008515cc68,0x0000000086a00000)
 Metaspace       used 23589K, capacity 24412K, committed 24704K, reserved 1071104K
  class space    used 3175K, capacity 3393K, committed 3456K, reserved 1048576K
}

