# JRE version: Java(TM) SE Runtime Environment (8.0_202-b08) (build 1.8.0_202-b08)
# Java VM: Java HotSpot(TM) 64-Bit Server VM (25.202-b08 mixed mode windows-amd64 compressed oops)
Heap:
 PSYoungGen      total 65536K, used 20192K [0x00000000d6900000, 0x00000000db300000, 0x0000000100000000)
  eden space 60416K, 25% used [0x00000000d6900000,0x00000000d77c0300,0x00000000da400000)
  from space 5120K, 99% used [0x00000000dae00000,0x00000000db2f8050,0x00000000db300000)
  to   space 5120K, 0% used [0x00000000da900000,0x00000000da900000,0x00000000dae00000)
 ParOldGen       total 55808K, used 27501K [0x0000000083a00000, 0x0000000087080000, 0x00000000d6900000)
  object space 55808K, 49% used [0x0000000083a00000,0x00000000854db738,0x0000000087080000)
 Metaspace       used 23234K, capacity 24616K, committed 24704K, reserved 1071104K
  class space    used 3191K, capacity 3451K, committed 3456K, reserved 1048576K
GC Heap History (10 events):
Event: 0.587 GC heap before
{Heap before GC invocations=1 (full 0):
 PSYoungGen      total 37888K, used 32768K [0x00000000d6900000, 0x00000000d9300000, 0x0000000100000000)
  eden space 32768K, 100% used [0x00000000d6900000,0x00000000d8900000,0x00000000d8900000)
  from space 5120K, 0% used [0x00000000d8e00000,0x00000000d8e00000,0x00000000d9300000)
  to   space 5120K, 0% used [0x00000000d8900000,0x00000000d8900000,0x00000000d8e00000)
 ParOldGen       total 86016K, used 0K [0x0000000083a00000, 0x0000000088e00000, 0x00000000d6900000)
  object space 86016K, 0% used [0x0000000083a00000,0x0000000083a00000,0x0000000088e00000)
 Metaspace       used 11737K, capacity 12142K, committed 12416K, reserved 1060864K
  class space    used 1496K, capacity 1605K, committed 1664K, reserved 1048576K
Event: 0.590 GC heap after
Heap after GC invocations=1 (full 0):
 PSYoungGen      total 37888K, used 3552K [0x00000000d6900000, 0x00000000d9300000, 0x0000000100000000)
  eden space 32768K, 0% used [0x00000000d6900000,0x00000000d6900000,0x00000000d8900000)
  from space 5120K, 69% used [0x00000000d8900000,0x00000000d8c78020,0x00000000d8e00000)
  to   space 5120K, 0% used [0x00000000d8e00000,0x00000000d8e00000,0x00000000d9300000)
 ParOldGen       total 86016K, used 4321K [0x0000000083a00000, 0x0000000088e00000, 0x00000000d6900000)
  object space 86016K, 5% used [0x0000000083a00000,0x0000000083e38720,0x0000000088e00000)
 Metaspace       used 11737K, capacity 12142K, committed 12416K, reserved 1060864K
  class space    used 1496K, capacity 1605K, committed 1664K, reserved 1048576K
}
Event: 9.442 GC heap before
{Heap before GC invocations=2 (full 0):
 PSYoungGen      total 37888K, used 36320K [0x00000000d6900000, 0x00000000d9300000, 0x0000000100000000)
  eden space 32768K, 100% used [0x00000000d6900000,0x00000000d8900000,0x00000000d8900000)
  from space 5120K, 69% used [0x00000000d8900000,0x00000000d8c78020,0x00000000d8e00000)
  to   space 5120K, 0% used [0x00000000d8e00000,0x00000000d8e00000,0x00000000d9300000)
 ParOldGen       total 86016K, used 4321K [0x0000000083a00000, 0x0000000088e00000, 0x00000000d6900000)
  object space 86016K, 5% used [0x0000000083a00000,0x0000000083e38720,0x0000000088e00000)
 Metaspace       used 19825K, capacity 20592K, committed 20864K, reserved 1067008K
  class space    used 2703K, capacity 2897K, committed 2944K, reserved 1048576K
Event: 9.447 GC heap after
Heap after GC invocations=2 (full 0):
 PSYoungGen      total 37888K, used 5104K [0x00000000d6900000, 0x00000000d9300000, 0x0000000100000000)
  eden space 32768K, 0% used [0x00000000d6900000,0x00000000d6900000,0x00000000d8900000)
  from space 5120K, 99% used [0x00000000d8e00000,0x00000000d92fc060,0x00000000d9300000)
  to   space 5120K, 0% used [0x00000000d8900000,0x00000000d8900000,0x00000000d8e00000)
 ParOldGen       total 86016K, used 8598K [0x0000000083a00000, 0x0000000088e00000, 0x00000000d6900000)
  object space 86016K, 9% used [0x0000000083a00000,0x0000000084265a60,0x0000000088e00000)
 Metaspace       used 19825K, capacity 20592K, committed 20864K, reserved 1067008K
  class space    used 2703K, capacity 2897K, committed 2944K, reserved 1048576K
}
Event: 9.490 GC heap before
{Heap before GC invocations=3 (full 0):
 PSYoungGen      total 37888K, used 7470K [0x00000000d6900000, 0x00000000d9300000, 0x0000000100000000)
  eden space 32768K, 7% used [0x00000000d6900000,0x00000000d6b4fad8,0x00000000d8900000)
  from space 5120K, 99% used [0x00000000d8e00000,0x00000000d92fc060,0x00000000d9300000)
  to   space 5120K, 0% used [0x00000000d8900000,0x00000000d8900000,0x00000000d8e00000)
 ParOldGen       total 86016K, used 8598K [0x0000000083a00000, 0x0000000088e00000, 0x00000000d6900000)
  object space 86016K, 9% used [0x0000000083a00000,0x0000000084265a60,0x0000000088e00000)
 Metaspace       used 20311K, capacity 21042K, committed 21248K, reserved 1067008K
  class space    used 2761K, capacity 2962K, committed 3072K, reserved 1048576K
Event: 9.492 GC heap after
Heap after GC invocations=3 (full 0):
 PSYoungGen      total 37888K, used 5104K [0x00000000d6900000, 0x00000000db300000, 0x0000000100000000)
  eden space 32768K, 0% used [0x00000000d6900000,0x00000000d6900000,0x00000000d8900000)
  from space 5120K, 99% used [0x00000000d8900000,0x00000000d8dfc060,0x00000000d8e00000)
  to   space 5120K, 0% used [0x00000000dae00000,0x00000000dae00000,0x00000000db300000)
 ParOldGen       total 86016K, used 9048K [0x0000000083a00000, 0x0000000088e00000, 0x00000000d6900000)
  object space 86016K, 10% used [0x0000000083a00000,0x00000000842d6268,0x0000000088e00000)
 Metaspace       used 20311K, capacity 21042K, committed 21248K, reserved 1067008K
  class space    used 2761K, capacity 2962K, committed 3072K, reserved 1048576K
}
Event: 9.492 GC heap before
{Heap before GC invocations=4 (full 1):
 PSYoungGen      total 37888K, used 5104K [0x00000000d6900000, 0x00000000db300000, 0x0000000100000000)
  eden space 32768K, 0% used [0x00000000d6900000,0x00000000d6900000,0x00000000d8900000)
  from space 5120K, 99% used [0x00000000d8900000,0x00000000d8dfc060,0x00000000d8e00000)
  to   space 5120K, 0% used [0x00000000dae00000,0x00000000dae00000,0x00000000db300000)
 ParOldGen       total 86016K, used 9048K [0x0000000083a00000, 0x0000000088e00000, 0x00000000d6900000)
  object space 86016K, 10% used [0x0000000083a00000,0x00000000842d6268,0x0000000088e00000)
 Metaspace       used 20311K, capacity 21042K, committed 21248K, reserved 1067008K
  class space    used 2761K, capacity 2962K, committed 3072K, reserved 1048576K
Event: 9.520 GC heap after
Heap after GC invocations=4 (full 1):
 PSYoungGen      total 37888K, used 0K [0x00000000d6900000, 0x00000000db300000, 0x0000000100000000)
  eden space 32768K, 0% used [0x00000000d6900000,0x00000000d6900000,0x00000000d8900000)
  from space 5120K, 0% used [0x00000000d8900000,0x00000000d8900000,0x00000000d8e00000)
  to   space 5120K, 0% used [0x00000000dae00000,0x00000000dae00000,0x00000000db300000)
 ParOldGen       total 55808K, used 12555K [0x0000000083a00000, 0x0000000087080000, 0x00000000d6900000)
  object space 55808K, 22% used [0x0000000083a00000,0x0000000084642e78,0x0000000087080000)
 Metaspace       used 20311K, capacity 21042K, committed 21248K, reserved 1067008K
  class space    used 2761K, capacity 2962K, committed 3072K, reserved 1048576K
}
Event: 11.054 GC heap before
{Heap before GC invocations=5 (full 1):
 PSYoungGen      total 37888K, used 32768K [0x00000000d6900000, 0x00000000db300000, 0x0000000100000000)
  eden space 32768K, 100% used [0x00000000d6900000,0x00000000d8900000,0x00000000d8900000)
  from space 5120K, 0% used [0x00000000d8900000,0x00000000d8900000,0x00000000d8e00000)
  to   space 5120K, 0% used [0x00000000dae00000,0x00000000dae00000,0x00000000db300000)
 ParOldGen       total 55808K, used 12555K [0x0000000083a00000, 0x0000000087080000, 0x00000000d6900000)
  object space 55808K, 22% used [0x0000000083a00000,0x0000000084642e78,0x0000000087080000)
 Metaspace       used 21914K, capacity 22950K, committed 23040K, reserved 1069056K
  class space    used 3015K, capacity 3242K, committed 3328K, reserved 1048576K
Event: 11.061 GC heap after
Heap after GC invocations=5 (full 1):
 PSYoungGen      total 65536K, used 5088K [0x00000000d6900000, 0x00000000db300000, 0x0000000100000000)
  eden space 60416K, 0% used [0x00000000d6900000,0x00000000d6900000,0x00000000da400000)
  from space 5120K, 99% used [0x00000000dae00000,0x00000000db2f8050,0x00000000db300000)
  to   space 5120K, 0% used [0x00000000da900000,0x00000000da900000,0x00000000dae00000)
 ParOldGen       total 55808K, used 27501K [0x0000000083a00000, 0x0000000087080000, 0x00000000d6900000)
  object space 55808K, 49% used [0x0000000083a00000,0x00000000854db738,0x0000000087080000)
 Metaspace       used 21914K, capacity 22950K, committed 23040K, reserved 1069056K
  class space    used 3015K, capacity 3242K, committed 3328K, reserved 1048576K
}

