# JRE version: OpenJDK Runtime Environment Temurin-17.0.15+6 (17.0.15+6) (build 17.0.15+6)
# Java VM: OpenJDK 64-Bit Server VM Temurin-17.0.15+6 (17.0.15+6, mixed mode, sharing, tiered, compressed oops, compressed class ptrs, g1 gc, windows-amd64)
GC Precious Log:
 CPUs: 8 total, 8 available
 Memory: 7957M
 Large Page Support: Disabled
 NUMA Support: Disabled
 Compressed Oops: Enabled (32-bit)
 Heap Region Size: 1M
 Heap Min Capacity: 8M
 Heap Initial Capacity: 126M
 Heap Max Capacity: 1990M
 Pre-touch: Disabled
 Parallel Workers: 8
 Concurrent Workers: 2
 Concurrent Refinement Workers: 8
 Periodic GC: Disabled
Heap:
 garbage-first heap   total 65536K, used 43040K [0x0000000083a00000, 0x0000000100000000)
  region size 1024K, 7 young (7168K), 1 survivors (1024K)
 Metaspace       used 24972K, committed 25280K, reserved 1114112K
  class space    used 3371K, committed 3520K, reserved 1048576K
GC Heap History (10 events):
Event: 1.988 GC heap before
{Heap before GC invocations=0 (full 0):
 garbage-first heap   total 129024K, used 22528K [0x0000000083a00000, 0x0000000100000000)
  region size 1024K, 23 young (23552K), 0 survivors (0K)
 Metaspace       used 7776K, committed 8064K, reserved 1114112K
  class space    used 892K, committed 1024K, reserved 1048576K
}
Event: 1.992 GC heap after
{Heap after GC invocations=1 (full 0):
 garbage-first heap   total 129024K, used 5248K [0x0000000083a00000, 0x0000000100000000)
  region size 1024K, 3 young (3072K), 3 survivors (3072K)
 Metaspace       used 7776K, committed 8064K, reserved 1114112K
  class space    used 892K, committed 1024K, reserved 1048576K
}
Event: 5.300 GC heap before
{Heap before GC invocations=1 (full 0):
 garbage-first heap   total 129024K, used 35968K [0x0000000083a00000, 0x0000000100000000)
  region size 1024K, 28 young (28672K), 3 survivors (3072K)
 Metaspace       used 14798K, committed 15104K, reserved 1114112K
  class space    used 2003K, committed 2176K, reserved 1048576K
}
Event: 5.304 GC heap after
{Heap after GC invocations=2 (full 0):
 garbage-first heap   total 129024K, used 12822K [0x0000000083a00000, 0x0000000100000000)
  region size 1024K, 3 young (3072K), 3 survivors (3072K)
 Metaspace       used 14798K, committed 15104K, reserved 1114112K
  class space    used 2003K, committed 2176K, reserved 1048576K
}
Event: 24.366 GC heap before
{Heap before GC invocations=2 (full 0):
 garbage-first heap   total 129024K, used 39446K [0x0000000083a00000, 0x0000000100000000)
  region size 1024K, 28 young (28672K), 3 survivors (3072K)
 Metaspace       used 21248K, committed 21504K, reserved 1114112K
  class space    used 2835K, committed 3008K, reserved 1048576K
}
Event: 24.370 GC heap after
{Heap after GC invocations=3 (full 0):
 garbage-first heap   total 129024K, used 17334K [0x0000000083a00000, 0x0000000100000000)
  region size 1024K, 6 young (6144K), 6 survivors (6144K)
 Metaspace       used 21248K, committed 21504K, reserved 1114112K
  class space    used 2835K, committed 3008K, reserved 1048576K
}
Event: 28.434 GC heap before
{Heap before GC invocations=4 (full 0):
 garbage-first heap   total 65536K, used 56246K [0x0000000083a00000, 0x0000000100000000)
  region size 1024K, 22 young (22528K), 6 survivors (6144K)
 Metaspace       used 23891K, committed 24128K, reserved 1114112K
  class space    used 3207K, committed 3328K, reserved 1048576K
}
Event: 28.440 GC heap after
{Heap after GC invocations=5 (full 0):
 garbage-first heap   total 65536K, used 37516K [0x0000000083a00000, 0x0000000100000000)
  region size 1024K, 7 young (7168K), 7 survivors (7168K)
 Metaspace       used 23891K, committed 24128K, reserved 1114112K
  class space    used 3207K, committed 3328K, reserved 1048576K
}
Event: 28.455 GC heap before
{Heap before GC invocations=5 (full 0):
 garbage-first heap   total 65536K, used 37516K [0x0000000083a00000, 0x0000000100000000)
  region size 1024K, 8 young (8192K), 7 survivors (7168K)
 Metaspace       used 24097K, committed 24384K, reserved 1114112K
  class space    used 3255K, committed 3392K, reserved 1048576K
}
Event: 28.459 GC heap after
{Heap after GC invocations=6 (full 0):
 garbage-first heap   total 65536K, used 37920K [0x0000000083a00000, 0x0000000100000000)
  region size 1024K, 1 young (1024K), 1 survivors (1024K)
 Metaspace       used 24097K, committed 24384K, reserved 1114112K
  class space    used 3255K, committed 3392K, reserved 1048576K
}

