# JRE version: OpenJDK Runtime Environment Temurin-17.0.15+6 (17.0.15+6) (build 17.0.15+6)
# Java VM: OpenJDK 64-Bit Server VM Temurin-17.0.15+6 (17.0.15+6, mixed mode, sharing, tiered, compressed oops, compressed class ptrs, g1 gc, windows-amd64)
GC Precious Log:
 CPUs: 8 total, 8 available
 Memory: 7957M
 Large Page Support: Disabled
 NUMA Support: Disabled
 Compressed Oops: Enabled (32-bit)
 Heap Region Size: 1M
 Heap Min Capacity: 8M
 Heap Initial Capacity: 126M
 Heap Max Capacity: 1990M
 Pre-touch: Disabled
 Parallel Workers: 8
 Concurrent Workers: 2
 Concurrent Refinement Workers: 8
 Periodic GC: Disabled
Heap:
 garbage-first heap   total 129024K, used 54384K [0x0000000083a00000, 0x0000000100000000)
  region size 1024K, 14 young (14336K), 1 survivors (1024K)
 Metaspace       used 23602K, committed 23872K, reserved 1114112K
  class space    used 3124K, committed 3264K, reserved 1048576K
GC Heap History (10 events):
Event: 0.482 GC heap before
{Heap before GC invocations=0 (full 0):
 garbage-first heap   total 129024K, used 22528K [0x0000000083a00000, 0x0000000100000000)
  region size 1024K, 23 young (23552K), 0 survivors (0K)
 Metaspace       used 5977K, committed 6208K, reserved 1114112K
  class space    used 700K, committed 832K, reserved 1048576K
}
Event: 0.484 GC heap after
{Heap after GC invocations=1 (full 0):
 garbage-first heap   total 129024K, used 3115K [0x0000000083a00000, 0x0000000100000000)
  region size 1024K, 3 young (3072K), 3 survivors (3072K)
 Metaspace       used 5977K, committed 6208K, reserved 1114112K
  class space    used 700K, committed 832K, reserved 1048576K
}
Event: 5.360 GC heap before
{Heap before GC invocations=1 (full 0):
 garbage-first heap   total 129024K, used 43051K [0x0000000083a00000, 0x0000000100000000)
  region size 1024K, 36 young (36864K), 3 survivors (3072K)
 Metaspace       used 14664K, committed 14848K, reserved 1114112K
  class space    used 2142K, committed 2240K, reserved 1048576K
}
Event: 5.365 GC heap after
{Heap after GC invocations=2 (full 0):
 garbage-first heap   total 129024K, used 14749K [0x0000000083a00000, 0x0000000100000000)
  region size 1024K, 4 young (4096K), 4 survivors (4096K)
 Metaspace       used 14664K, committed 14848K, reserved 1114112K
  class space    used 2142K, committed 2240K, reserved 1048576K
}
Event: 12.878 GC heap before
{Heap before GC invocations=2 (full 0):
 garbage-first heap   total 129024K, used 63901K [0x0000000083a00000, 0x0000000100000000)
  region size 1024K, 31 young (31744K), 4 survivors (4096K)
 Metaspace       used 21277K, committed 21504K, reserved 1114112K
  class space    used 2942K, committed 3072K, reserved 1048576K
}
Event: 12.884 GC heap after
{Heap after GC invocations=3 (full 0):
 garbage-first heap   total 129024K, used 41686K [0x0000000083a00000, 0x0000000100000000)
  region size 1024K, 8 young (8192K), 8 survivors (8192K)
 Metaspace       used 21277K, committed 21504K, reserved 1114112K
  class space    used 2942K, committed 3072K, reserved 1048576K
}
Event: 56.511 GC heap before
{Heap before GC invocations=4 (full 0):
 garbage-first heap   total 129024K, used 90838K [0x0000000083a00000, 0x0000000100000000)
  region size 1024K, 56 young (57344K), 8 survivors (8192K)
 Metaspace       used 23386K, committed 23616K, reserved 1114112K
  class space    used 3115K, committed 3264K, reserved 1048576K
}
Event: 56.516 GC heap after
{Heap after GC invocations=5 (full 0):
 garbage-first heap   total 129024K, used 42984K [0x0000000083a00000, 0x0000000100000000)
  region size 1024K, 5 young (5120K), 5 survivors (5120K)
 Metaspace       used 23386K, committed 23616K, reserved 1114112K
  class space    used 3115K, committed 3264K, reserved 1048576K
}
Event: 58.077 GC heap before
{Heap before GC invocations=5 (full 0):
 garbage-first heap   total 129024K, used 44008K [0x0000000083a00000, 0x0000000100000000)
  region size 1024K, 6 young (6144K), 5 survivors (5120K)
 Metaspace       used 23391K, committed 23680K, reserved 1114112K
  class space    used 3115K, committed 3264K, reserved 1048576K
}
Event: 58.087 GC heap after
{Heap after GC invocations=6 (full 0):
 garbage-first heap   total 129024K, used 42096K [0x0000000083a00000, 0x0000000100000000)
  region size 1024K, 1 young (1024K), 1 survivors (1024K)
 Metaspace       used 23391K, committed 23680K, reserved 1114112K
  class space    used 3115K, committed 3264K, reserved 1048576K
}

