# JRE version: OpenJDK Runtime Environment Temurin-17.0.15+6 (17.0.15+6) (build 17.0.15+6)
# Java VM: OpenJDK 64-Bit Server VM Temurin-17.0.15+6 (17.0.15+6, mixed mode, sharing, tiered, compressed oops, compressed class ptrs, g1 gc, windows-amd64)
GC Precious Log:
 CPUs: 8 total, 8 available
 Memory: 7957M
 Large Page Support: Disabled
 NUMA Support: Disabled
 Compressed Oops: Enabled (32-bit)
 Heap Region Size: 1M
 Heap Min Capacity: 8M
 Heap Initial Capacity: 126M
 Heap Max Capacity: 1990M
 Pre-touch: Disabled
 Parallel Workers: 8
 Concurrent Workers: 2
 Concurrent Refinement Workers: 8
 Periodic GC: Disabled
Heap:
 garbage-first heap   total 129024K, used 45620K [0x0000000083a00000, 0x0000000100000000)
  region size 1024K, 13 young (13312K), 8 survivors (8192K)
 Metaspace       used 21686K, committed 21952K, reserved 1114112K
  class space    used 3002K, committed 3136K, reserved 1048576K
GC Heap History (6 events):
Event: 0.454 GC heap before
{Heap before GC invocations=0 (full 0):
 garbage-first heap   total 129024K, used 22528K [0x0000000083a00000, 0x0000000100000000)
  region size 1024K, 23 young (23552K), 0 survivors (0K)
 Metaspace       used 6017K, committed 6208K, reserved 1114112K
  class space    used 709K, committed 832K, reserved 1048576K
}
Event: 0.456 GC heap after
{Heap after GC invocations=1 (full 0):
 garbage-first heap   total 129024K, used 3588K [0x0000000083a00000, 0x0000000100000000)
  region size 1024K, 3 young (3072K), 3 survivors (3072K)
 Metaspace       used 6017K, committed 6208K, reserved 1114112K
  class space    used 709K, committed 832K, reserved 1048576K
}
Event: 10.236 GC heap before
{Heap before GC invocations=1 (full 0):
 garbage-first heap   total 129024K, used 44548K [0x0000000083a00000, 0x0000000100000000)
  region size 1024K, 36 young (36864K), 3 survivors (3072K)
 Metaspace       used 14964K, committed 15232K, reserved 1114112K
  class space    used 2143K, committed 2304K, reserved 1048576K
}
Event: 10.243 GC heap after
{Heap after GC invocations=2 (full 0):
 garbage-first heap   total 129024K, used 14493K [0x0000000083a00000, 0x0000000100000000)
  region size 1024K, 4 young (4096K), 4 survivors (4096K)
 Metaspace       used 14964K, committed 15232K, reserved 1114112K
  class space    used 2143K, committed 2304K, reserved 1048576K
}
Event: 15.285 GC heap before
{Heap before GC invocations=2 (full 0):
 garbage-first heap   total 129024K, used 63645K [0x0000000083a00000, 0x0000000100000000)
  region size 1024K, 30 young (30720K), 4 survivors (4096K)
 Metaspace       used 21266K, committed 21504K, reserved 1114112K
  class space    used 2918K, committed 3008K, reserved 1048576K
}
Event: 15.291 GC heap after
{Heap after GC invocations=3 (full 0):
 garbage-first heap   total 129024K, used 41524K [0x0000000083a00000, 0x0000000100000000)
  region size 1024K, 8 young (8192K), 8 survivors (8192K)
 Metaspace       used 21266K, committed 21504K, reserved 1114112K
  class space    used 2918K, committed 3008K, reserved 1048576K
}

