# JRE version: OpenJDK Runtime Environment Temurin-17.0.15+6 (17.0.15+6) (build 17.0.15+6)
# Java VM: OpenJDK 64-Bit Server VM Temurin-17.0.15+6 (17.0.15+6, mixed mode, sharing, tiered, compressed oops, compressed class ptrs, g1 gc, windows-amd64)
GC Precious Log:
 CPUs: 8 total, 8 available
 Memory: 7957M
 Large Page Support: Disabled
 NUMA Support: Disabled
 Compressed Oops: Enabled (32-bit)
 Heap Region Size: 1M
 Heap Min Capacity: 8M
 Heap Initial Capacity: 126M
 Heap Max Capacity: 1990M
 Pre-touch: Disabled
 Parallel Workers: 8
 Concurrent Workers: 2
 Concurrent Refinement Workers: 8
 Periodic GC: Disabled
Heap:
 garbage-first heap   total 129024K, used 47539K [0x0000000083a00000, 0x0000000100000000)
  region size 1024K, 16 young (16384K), 9 survivors (9216K)
 Metaspace       used 21877K, committed 22080K, reserved 1114112K
  class space    used 3045K, committed 3136K, reserved 1048576K
GC Heap History (6 events):
Event: 0.436 GC heap before
{Heap before GC invocations=0 (full 0):
 garbage-first heap   total 129024K, used 23552K [0x0000000083a00000, 0x0000000100000000)
  region size 1024K, 23 young (23552K), 0 survivors (0K)
 Metaspace       used 6019K, committed 6272K, reserved 1114112K
  class space    used 709K, committed 832K, reserved 1048576K
}
Event: 0.438 GC heap after
{Heap after GC invocations=1 (full 0):
 garbage-first heap   total 129024K, used 3737K [0x0000000083a00000, 0x0000000100000000)
  region size 1024K, 3 young (3072K), 3 survivors (3072K)
 Metaspace       used 6019K, committed 6272K, reserved 1114112K
  class space    used 709K, committed 832K, reserved 1048576K
}
Event: 7.494 GC heap before
{Heap before GC invocations=1 (full 0):
 garbage-first heap   total 129024K, used 44697K [0x0000000083a00000, 0x0000000100000000)
  region size 1024K, 36 young (36864K), 3 survivors (3072K)
 Metaspace       used 14889K, committed 15168K, reserved 1114112K
  class space    used 2144K, committed 2304K, reserved 1048576K
}
Event: 7.499 GC heap after
{Heap after GC invocations=2 (full 0):
 garbage-first heap   total 129024K, used 14314K [0x0000000083a00000, 0x0000000100000000)
  region size 1024K, 5 young (5120K), 5 survivors (5120K)
 Metaspace       used 14889K, committed 15168K, reserved 1114112K
  class space    used 2144K, committed 2304K, reserved 1048576K
}
Event: 12.228 GC heap before
{Heap before GC invocations=2 (full 0):
 garbage-first heap   total 129024K, used 64490K [0x0000000083a00000, 0x0000000100000000)
  region size 1024K, 32 young (32768K), 5 survivors (5120K)
 Metaspace       used 21284K, committed 21504K, reserved 1114112K
  class space    used 2934K, committed 3072K, reserved 1048576K
}
Event: 12.234 GC heap after
{Heap after GC invocations=3 (full 0):
 garbage-first heap   total 129024K, used 41395K [0x0000000083a00000, 0x0000000100000000)
  region size 1024K, 9 young (9216K), 9 survivors (9216K)
 Metaspace       used 21284K, committed 21504K, reserved 1114112K
  class space    used 2934K, committed 3072K, reserved 1048576K
}

