# JRE version: Java(TM) SE Runtime Environment (8.0_202-b08) (build 1.8.0_202-b08)
# Java VM: Java HotSpot(TM) 64-Bit Server VM (25.202-b08 mixed mode windows-amd64 compressed oops)
Heap:
 PSYoungGen      total 37888K, used 19047K [0x00000000d6900000, 0x00000000d9300000, 0x0000000100000000)
  eden space 32768K, 42% used [0x00000000d6900000,0x00000000d769cac8,0x00000000d8900000)
  from space 5120K, 99% used [0x00000000d8e00000,0x00000000d92fd480,0x00000000d9300000)
  to   space 5120K, 0% used [0x00000000d8900000,0x00000000d8900000,0x00000000d8e00000)
 ParOldGen       total 49152K, used 31644K [0x0000000083a00000, 0x0000000086a00000, 0x00000000d6900000)
  object space 49152K, 64% used [0x0000000083a00000,0x00000000858e7320,0x0000000086a00000)
 Metaspace       used 26619K, capacity 28002K, committed 28288K, reserved 1073152K
  class space    used 3582K, capacity 3858K, committed 3968K, reserved 1048576K
GC Heap History (10 events):
Event: 0.689 GC heap before
{Heap before GC invocations=1 (full 0):
 PSYoungGen      total 37888K, used 32768K [0x00000000d6900000, 0x00000000d9300000, 0x0000000100000000)
  eden space 32768K, 100% used [0x00000000d6900000,0x00000000d8900000,0x00000000d8900000)
  from space 5120K, 0% used [0x00000000d8e00000,0x00000000d8e00000,0x00000000d9300000)
  to   space 5120K, 0% used [0x00000000d8900000,0x00000000d8900000,0x00000000d8e00000)
 ParOldGen       total 86016K, used 0K [0x0000000083a00000, 0x0000000088e00000, 0x00000000d6900000)
  object space 86016K, 0% used [0x0000000083a00000,0x0000000083a00000,0x0000000088e00000)
 Metaspace       used 13407K, capacity 13848K, committed 14080K, reserved 1060864K
  class space    used 1685K, capacity 1792K, committed 1792K, reserved 1048576K
Event: 0.692 GC heap after
Heap after GC invocations=1 (full 0):
 PSYoungGen      total 37888K, used 3352K [0x00000000d6900000, 0x00000000d9300000, 0x0000000100000000)
  eden space 32768K, 0% used [0x00000000d6900000,0x00000000d6900000,0x00000000d8900000)
  from space 5120K, 65% used [0x00000000d8900000,0x00000000d8c46040,0x00000000d8e00000)
  to   space 5120K, 0% used [0x00000000d8e00000,0x00000000d8e00000,0x00000000d9300000)
 ParOldGen       total 86016K, used 4321K [0x0000000083a00000, 0x0000000088e00000, 0x00000000d6900000)
  object space 86016K, 5% used [0x0000000083a00000,0x0000000083e38720,0x0000000088e00000)
 Metaspace       used 13407K, capacity 13848K, committed 14080K, reserved 1060864K
  class space    used 1685K, capacity 1792K, committed 1792K, reserved 1048576K
}
Event: 15.156 GC heap before
{Heap before GC invocations=2 (full 0):
 PSYoungGen      total 37888K, used 31773K [0x00000000d6900000, 0x00000000d9300000, 0x0000000100000000)
  eden space 32768K, 86% used [0x00000000d6900000,0x00000000d84c15a0,0x00000000d8900000)
  from space 5120K, 65% used [0x00000000d8900000,0x00000000d8c46040,0x00000000d8e00000)
  to   space 5120K, 0% used [0x00000000d8e00000,0x00000000d8e00000,0x00000000d9300000)
 ParOldGen       total 86016K, used 4321K [0x0000000083a00000, 0x0000000088e00000, 0x00000000d6900000)
  object space 86016K, 5% used [0x0000000083a00000,0x0000000083e38720,0x0000000088e00000)
 Metaspace       used 20414K, capacity 21136K, committed 21248K, reserved 1067008K
  class space    used 2826K, capacity 3013K, committed 3072K, reserved 1048576K
Event: 15.161 GC heap after
Heap after GC invocations=2 (full 0):
 PSYoungGen      total 37888K, used 5088K [0x00000000d6900000, 0x00000000d9300000, 0x0000000100000000)
  eden space 32768K, 0% used [0x00000000d6900000,0x00000000d6900000,0x00000000d8900000)
  from space 5120K, 99% used [0x00000000d8e00000,0x00000000d92f8050,0x00000000d9300000)
  to   space 5120K, 0% used [0x00000000d8900000,0x00000000d8900000,0x00000000d8e00000)
 ParOldGen       total 86016K, used 6537K [0x0000000083a00000, 0x0000000088e00000, 0x00000000d6900000)
  object space 86016K, 7% used [0x0000000083a00000,0x0000000084062500,0x0000000088e00000)
 Metaspace       used 20414K, capacity 21136K, committed 21248K, reserved 1067008K
  class space    used 2826K, capacity 3013K, committed 3072K, reserved 1048576K
}
Event: 15.161 GC heap before
{Heap before GC invocations=3 (full 1):
 PSYoungGen      total 37888K, used 5088K [0x00000000d6900000, 0x00000000d9300000, 0x0000000100000000)
  eden space 32768K, 0% used [0x00000000d6900000,0x00000000d6900000,0x00000000d8900000)
  from space 5120K, 99% used [0x00000000d8e00000,0x00000000d92f8050,0x00000000d9300000)
  to   space 5120K, 0% used [0x00000000d8900000,0x00000000d8900000,0x00000000d8e00000)
 ParOldGen       total 86016K, used 6537K [0x0000000083a00000, 0x0000000088e00000, 0x00000000d6900000)
  object space 86016K, 7% used [0x0000000083a00000,0x0000000084062500,0x0000000088e00000)
 Metaspace       used 20414K, capacity 21136K, committed 21248K, reserved 1067008K
  class space    used 2826K, capacity 3013K, committed 3072K, reserved 1048576K
Event: 15.185 GC heap after
Heap after GC invocations=3 (full 1):
 PSYoungGen      total 37888K, used 0K [0x00000000d6900000, 0x00000000d9300000, 0x0000000100000000)
  eden space 32768K, 0% used [0x00000000d6900000,0x00000000d6900000,0x00000000d8900000)
  from space 5120K, 0% used [0x00000000d8e00000,0x00000000d8e00000,0x00000000d9300000)
  to   space 5120K, 0% used [0x00000000d8900000,0x00000000d8900000,0x00000000d8e00000)
 ParOldGen       total 49152K, used 11206K [0x0000000083a00000, 0x0000000086a00000, 0x00000000d6900000)
  object space 49152K, 22% used [0x0000000083a00000,0x00000000844f1b88,0x0000000086a00000)
 Metaspace       used 20414K, capacity 21136K, committed 21248K, reserved 1067008K
  class space    used 2826K, capacity 3013K, committed 3072K, reserved 1048576K
}
Event: 16.606 GC heap before
{Heap before GC invocations=4 (full 1):
 PSYoungGen      total 37888K, used 32768K [0x00000000d6900000, 0x00000000d9300000, 0x0000000100000000)
  eden space 32768K, 100% used [0x00000000d6900000,0x00000000d8900000,0x00000000d8900000)
  from space 5120K, 0% used [0x00000000d8e00000,0x00000000d8e00000,0x00000000d9300000)
  to   space 5120K, 0% used [0x00000000d8900000,0x00000000d8900000,0x00000000d8e00000)
 ParOldGen       total 49152K, used 11206K [0x0000000083a00000, 0x0000000086a00000, 0x00000000d6900000)
  object space 49152K, 22% used [0x0000000083a00000,0x00000000844f1b88,0x0000000086a00000)
 Metaspace       used 23624K, capacity 24412K, committed 24704K, reserved 1071104K
  class space    used 3175K, capacity 3393K, committed 3456K, reserved 1048576K
Event: 16.612 GC heap after
Heap after GC invocations=4 (full 1):
 PSYoungGen      total 37888K, used 3713K [0x00000000d6900000, 0x00000000d9300000, 0x0000000100000000)
  eden space 32768K, 0% used [0x00000000d6900000,0x00000000d6900000,0x00000000d8900000)
  from space 5120K, 72% used [0x00000000d8900000,0x00000000d8ca0568,0x00000000d8e00000)
  to   space 5120K, 0% used [0x00000000d8e00000,0x00000000d8e00000,0x00000000d9300000)
 ParOldGen       total 49152K, used 23902K [0x0000000083a00000, 0x0000000086a00000, 0x00000000d6900000)
  object space 49152K, 48% used [0x0000000083a00000,0x0000000085157b98,0x0000000086a00000)
 Metaspace       used 23624K, capacity 24412K, committed 24704K, reserved 1071104K
  class space    used 3175K, capacity 3393K, committed 3456K, reserved 1048576K
}
Event: 132.627 GC heap before
{Heap before GC invocations=5 (full 1):
 PSYoungGen      total 37888K, used 36481K [0x00000000d6900000, 0x00000000d9300000, 0x0000000100000000)
  eden space 32768K, 100% used [0x00000000d6900000,0x00000000d8900000,0x00000000d8900000)
  from space 5120K, 72% used [0x00000000d8900000,0x00000000d8ca0568,0x00000000d8e00000)
  to   space 5120K, 0% used [0x00000000d8e00000,0x00000000d8e00000,0x00000000d9300000)
 ParOldGen       total 49152K, used 23902K [0x0000000083a00000, 0x0000000086a00000, 0x00000000d6900000)
  object space 49152K, 48% used [0x0000000083a00000,0x0000000085157b98,0x0000000086a00000)
 Metaspace       used 26541K, capacity 27926K, committed 28288K, reserved 1073152K
  class space    used 3578K, capacity 3856K, committed 3968K, reserved 1048576K
Event: 132.634 GC heap after
Heap after GC invocations=5 (full 1):
 PSYoungGen      total 37888K, used 5109K [0x00000000d6900000, 0x00000000d9300000, 0x0000000100000000)
  eden space 32768K, 0% used [0x00000000d6900000,0x00000000d6900000,0x00000000d8900000)
  from space 5120K, 99% used [0x00000000d8e00000,0x00000000d92fd480,0x00000000d9300000)
  to   space 5120K, 0% used [0x00000000d8900000,0x00000000d8900000,0x00000000d8e00000)
 ParOldGen       total 49152K, used 31644K [0x0000000083a00000, 0x0000000086a00000, 0x00000000d6900000)
  object space 49152K, 64% used [0x0000000083a00000,0x00000000858e7320,0x0000000086a00000)
 Metaspace       used 26541K, capacity 27926K, committed 28288K, reserved 1073152K
  class space    used 3578K, capacity 3856K, committed 3968K, reserved 1048576K
}

